<?xml version="1.0" encoding="UTF-8"?>
<!-- Generated by org.testng.reporters.JUnitReportReporter -->
<testsuite skipped="0" hostname="DESKTOP-RT1EOFH" name="com.selenium.project.Maven_project.AppTest" tests="1" failures="0" timestamp="11 Sep 2017 10:55:14 GMT" time="0.007" errors="0">
  <testcase name="testApp" time="0.007" classname="com.selenium.project.Maven_project.AppTest"/>
</testsuite> <!-- com.selenium.project.Maven_project.AppTest -->
